<?xml version="1.0" encoding="UTF-8"?>
<!-- Generated by org.testng.reporters.JUnitReportReporter -->
<testsuite hostname="DESKTOP-2BRNHOC" failures="0" tests="1" name="testCases.login_Page" time="4.985" errors="0" timestamp="2021-11-18T16:59:05 IST" skipped="0">
  <testcase classname="testCases.login_Page" name="loginpageverify" time="4.985"/>
  <system-out/>
</testsuite> <!-- testCases.login_Page -->
