<?xml version="1.0" encoding="UTF-8"?>
<!-- Generated by org.testng.reporters.JUnitReportReporter -->
<testsuite hostname="DESKTOP-2BRNHOC" failures="0" tests="1" name="testCases.Test_Pending_Leave_Request" time="2.261" errors="0" timestamp="2021-11-18T16:59:05 IST" skipped="0">
  <testcase classname="testCases.Test_Pending_Leave_Request" name="checkLeaveRequest" time="2.261"/>
  <system-out/>
</testsuite> <!-- testCases.Test_Pending_Leave_Request -->
